CRITICAL - 2024-05-29 19:44:01 --> PDOException: could not find driver
in APPPATH\Libraries\CustomOauthStorage.php on line 60.
 1 APPPATH\Libraries\CustomOauthStorage.php(60): PDO->__construct()
 2 APPPATH\Libraries\OAuth.php(21): App\Libraries\CustomOauthStorage->__construct()
 3 APPPATH\Libraries\OAuth.php(12): App\Libraries\OAuth->init()
 4 APPPATH\Controllers\OAuthController.php(17): App\Libraries\OAuth->__construct()
 5 SYSTEMPATH\CodeIgniter.php(941): App\Controllers\OAuthController->login()
 6 SYSTEMPATH\CodeIgniter.php(502): CodeIgniter\CodeIgniter->runController()
 7 SYSTEMPATH\CodeIgniter.php(361): CodeIgniter\CodeIgniter->handleRequest()
 8 FCPATH\index.php(89): CodeIgniter\CodeIgniter->run()
 9 SYSTEMPATH\Commands\Server\rewrite.php(47): require_once('C:\\Users\\Merfu\\Desktop\\Codeigniter4-Backend-Api-Register-Login\\public\\index.php')
CRITICAL - 2024-05-29 19:44:33 --> PDOException: could not find driver
in APPPATH\Libraries\CustomOauthStorage.php on line 60.
 1 APPPATH\Libraries\CustomOauthStorage.php(60): PDO->__construct()
 2 APPPATH\Libraries\OAuth.php(21): App\Libraries\CustomOauthStorage->__construct()
 3 APPPATH\Libraries\OAuth.php(12): App\Libraries\OAuth->init()
 4 APPPATH\Controllers\OAuthController.php(17): App\Libraries\OAuth->__construct()
 5 SYSTEMPATH\CodeIgniter.php(941): App\Controllers\OAuthController->login()
 6 SYSTEMPATH\CodeIgniter.php(502): CodeIgniter\CodeIgniter->runController()
 7 SYSTEMPATH\CodeIgniter.php(361): CodeIgniter\CodeIgniter->handleRequest()
 8 FCPATH\index.php(89): CodeIgniter\CodeIgniter->run()
 9 SYSTEMPATH\Commands\Server\rewrite.php(47): require_once('C:\\Users\\Merfu\\Desktop\\Codeigniter4-Backend-Api-Register-Login\\public\\index.php')
CRITICAL - 2024-05-29 19:48:07 --> PDOException: could not find driver
in APPPATH\Libraries\CustomOauthStorage.php on line 60.
 1 APPPATH\Libraries\CustomOauthStorage.php(60): PDO->__construct()
 2 APPPATH\Libraries\OAuth.php(21): App\Libraries\CustomOauthStorage->__construct()
 3 APPPATH\Libraries\OAuth.php(12): App\Libraries\OAuth->init()
 4 APPPATH\Controllers\OAuthController.php(17): App\Libraries\OAuth->__construct()
 5 SYSTEMPATH\CodeIgniter.php(941): App\Controllers\OAuthController->login()
 6 SYSTEMPATH\CodeIgniter.php(502): CodeIgniter\CodeIgniter->runController()
 7 SYSTEMPATH\CodeIgniter.php(361): CodeIgniter\CodeIgniter->handleRequest()
 8 FCPATH\index.php(89): CodeIgniter\CodeIgniter->run()
 9 SYSTEMPATH\Commands\Server\rewrite.php(47): require_once('C:\\Users\\Merfu\\Desktop\\Codeigniter4-Backend-Api-Register-Login\\public\\index.php')
CRITICAL - 2024-05-29 20:05:14 --> PDOException: SQLSTATE[HY000] [1045] Access denied for user ''@'localhost' (using password: NO)
in APPPATH\Libraries\CustomOauthStorage.php on line 60.
 1 APPPATH\Libraries\CustomOauthStorage.php(60): PDO->__construct()
 2 APPPATH\Libraries\OAuth.php(21): App\Libraries\CustomOauthStorage->__construct()
 3 APPPATH\Libraries\OAuth.php(12): App\Libraries\OAuth->init()
 4 APPPATH\Controllers\OAuthController.php(17): App\Libraries\OAuth->__construct()
 5 SYSTEMPATH\CodeIgniter.php(941): App\Controllers\OAuthController->login()
 6 SYSTEMPATH\CodeIgniter.php(502): CodeIgniter\CodeIgniter->runController()
 7 SYSTEMPATH\CodeIgniter.php(361): CodeIgniter\CodeIgniter->handleRequest()
 8 FCPATH\index.php(89): CodeIgniter\CodeIgniter->run()
 9 SYSTEMPATH\Commands\Server\rewrite.php(47): require_once('C:\\Users\\Merfu\\Desktop\\Codeigniter4-Backend-Api-Register-Login\\public\\index.php')
CRITICAL - 2024-05-29 20:05:47 --> PDOException: SQLSTATE[HY000] [1045] Access denied for user ''@'localhost' (using password: NO)
in APPPATH\Libraries\CustomOauthStorage.php on line 60.
 1 APPPATH\Libraries\CustomOauthStorage.php(60): PDO->__construct()
 2 APPPATH\Libraries\OAuth.php(21): App\Libraries\CustomOauthStorage->__construct()
 3 APPPATH\Libraries\OAuth.php(12): App\Libraries\OAuth->init()
 4 APPPATH\Controllers\OAuthController.php(17): App\Libraries\OAuth->__construct()
 5 SYSTEMPATH\CodeIgniter.php(941): App\Controllers\OAuthController->login()
 6 SYSTEMPATH\CodeIgniter.php(502): CodeIgniter\CodeIgniter->runController()
 7 SYSTEMPATH\CodeIgniter.php(361): CodeIgniter\CodeIgniter->handleRequest()
 8 FCPATH\index.php(89): CodeIgniter\CodeIgniter->run()
 9 SYSTEMPATH\Commands\Server\rewrite.php(47): require_once('C:\\Users\\Merfu\\Desktop\\Codeigniter4-Backend-Api-Register-Login\\public\\index.php')
CRITICAL - 2024-05-29 22:05:40 --> PDOException: SQLSTATE[HY000] [2002] No connection could be made because the target machine actively refused it
in APPPATH\Libraries\CustomOauthStorage.php on line 60.
 1 APPPATH\Libraries\CustomOauthStorage.php(60): PDO->__construct()
 2 APPPATH\Libraries\OAuth.php(21): App\Libraries\CustomOauthStorage->__construct()
 3 APPPATH\Libraries\OAuth.php(12): App\Libraries\OAuth->init()
 4 APPPATH\Controllers\OAuthController.php(17): App\Libraries\OAuth->__construct()
 5 SYSTEMPATH\CodeIgniter.php(941): App\Controllers\OAuthController->login()
 6 SYSTEMPATH\CodeIgniter.php(502): CodeIgniter\CodeIgniter->runController()
 7 SYSTEMPATH\CodeIgniter.php(361): CodeIgniter\CodeIgniter->handleRequest()
 8 FCPATH\index.php(89): CodeIgniter\CodeIgniter->run()
 9 SYSTEMPATH\Commands\Server\rewrite.php(47): require_once('C:\\Users\\Merfu\\Desktop\\Codeigniter4-Backend-Api-Register-Login\\public\\index.php')
CRITICAL - 2024-05-29 22:05:49 --> PDOException: SQLSTATE[HY000] [2002] No connection could be made because the target machine actively refused it
in APPPATH\Libraries\CustomOauthStorage.php on line 60.
 1 APPPATH\Libraries\CustomOauthStorage.php(60): PDO->__construct()
 2 APPPATH\Libraries\OAuth.php(21): App\Libraries\CustomOauthStorage->__construct()
 3 APPPATH\Libraries\OAuth.php(12): App\Libraries\OAuth->init()
 4 APPPATH\Controllers\OAuthController.php(17): App\Libraries\OAuth->__construct()
 5 SYSTEMPATH\CodeIgniter.php(941): App\Controllers\OAuthController->login()
 6 SYSTEMPATH\CodeIgniter.php(502): CodeIgniter\CodeIgniter->runController()
 7 SYSTEMPATH\CodeIgniter.php(361): CodeIgniter\CodeIgniter->handleRequest()
 8 FCPATH\index.php(89): CodeIgniter\CodeIgniter->run()
 9 SYSTEMPATH\Commands\Server\rewrite.php(47): require_once('C:\\Users\\Merfu\\Desktop\\Codeigniter4-Backend-Api-Register-Login\\public\\index.php')
CRITICAL - 2024-05-29 22:05:53 --> PDOException: SQLSTATE[HY000] [2002] No connection could be made because the target machine actively refused it
in APPPATH\Libraries\CustomOauthStorage.php on line 60.
 1 APPPATH\Libraries\CustomOauthStorage.php(60): PDO->__construct()
 2 APPPATH\Libraries\OAuth.php(21): App\Libraries\CustomOauthStorage->__construct()
 3 APPPATH\Libraries\OAuth.php(12): App\Libraries\OAuth->init()
 4 APPPATH\Controllers\OAuthController.php(17): App\Libraries\OAuth->__construct()
 5 SYSTEMPATH\CodeIgniter.php(941): App\Controllers\OAuthController->login()
 6 SYSTEMPATH\CodeIgniter.php(502): CodeIgniter\CodeIgniter->runController()
 7 SYSTEMPATH\CodeIgniter.php(361): CodeIgniter\CodeIgniter->handleRequest()
 8 FCPATH\index.php(89): CodeIgniter\CodeIgniter->run()
 9 SYSTEMPATH\Commands\Server\rewrite.php(47): require_once('C:\\Users\\Merfu\\Desktop\\Codeigniter4-Backend-Api-Register-Login\\public\\index.php')
CRITICAL - 2024-05-29 22:06:31 --> PDOException: SQLSTATE[HY000] [2002] No connection could be made because the target machine actively refused it
in APPPATH\Libraries\CustomOauthStorage.php on line 60.
 1 APPPATH\Libraries\CustomOauthStorage.php(60): PDO->__construct()
 2 APPPATH\Libraries\OAuth.php(21): App\Libraries\CustomOauthStorage->__construct()
 3 APPPATH\Libraries\OAuth.php(12): App\Libraries\OAuth->init()
 4 APPPATH\Controllers\OAuthController.php(17): App\Libraries\OAuth->__construct()
 5 SYSTEMPATH\CodeIgniter.php(941): App\Controllers\OAuthController->login()
 6 SYSTEMPATH\CodeIgniter.php(502): CodeIgniter\CodeIgniter->runController()
 7 SYSTEMPATH\CodeIgniter.php(361): CodeIgniter\CodeIgniter->handleRequest()
 8 FCPATH\index.php(89): CodeIgniter\CodeIgniter->run()
 9 SYSTEMPATH\Commands\Server\rewrite.php(47): require_once('C:\\Users\\Merfu\\Desktop\\Codeigniter4-Backend-Api-Register-Login\\public\\index.php')
