ERROR - 2024-05-30 07:11:19 --> mysqli_sql_exception: MySQL server has gone away in C:\Users\Merfu\Desktop\Codeigniter4-Backend-Api-Register-Login\vendor\codeigniter4\framework\system\Database\MySQLi\Connection.php:306
Stack trace:
#0 C:\Users\Merfu\Desktop\Codeigniter4-Backend-Api-Register-Login\vendor\codeigniter4\framework\system\Database\MySQLi\Connection.php(306): mysqli->query()
#1 C:\Users\Merfu\Desktop\Codeigniter4-Backend-Api-Register-Login\vendor\codeigniter4\framework\system\Database\BaseConnection.php(693): CodeIgniter\Database\MySQLi\Connection->execute()
#2 C:\Users\Merfu\Desktop\Codeigniter4-Backend-Api-Register-Login\vendor\codeigniter4\framework\system\Database\BaseConnection.php(607): CodeIgniter\Database\BaseConnection->simpleQuery()
#3 C:\Users\Merfu\Desktop\Codeigniter4-Backend-Api-Register-Login\vendor\codeigniter4\framework\system\Database\BaseBuilder.php(1616): CodeIgniter\Database\BaseConnection->query()
#4 C:\Users\Merfu\Desktop\Codeigniter4-Backend-Api-Register-Login\vendor\codeigniter4\framework\system\Model.php(242): CodeIgniter\Database\BaseBuilder->get()
#5 C:\Users\Merfu\Desktop\Codeigniter4-Backend-Api-Register-Login\vendor\codeigniter4\framework\system\BaseModel.php(638): CodeIgniter\Model->doFindAll()
#6 C:\Users\Merfu\Desktop\Codeigniter4-Backend-Api-Register-Login\app\Models\Category_model.php(15): CodeIgniter\BaseModel->findAll()
#7 C:\Users\Merfu\Desktop\Codeigniter4-Backend-Api-Register-Login\app\Controllers\Products.php(71): App\Models\Category_model->getAllCategories()
#8 C:\Users\Merfu\Desktop\Codeigniter4-Backend-Api-Register-Login\vendor\codeigniter4\framework\system\CodeIgniter.php(941): App\Controllers\Products->categories()
#9 C:\Users\Merfu\Desktop\Codeigniter4-Backend-Api-Register-Login\vendor\codeigniter4\framework\system\CodeIgniter.php(502): CodeIgniter\CodeIgniter->runController()
#10 C:\Users\Merfu\Desktop\Codeigniter4-Backend-Api-Register-Login\vendor\codeigniter4\framework\system\CodeIgniter.php(361): CodeIgniter\CodeIgniter->handleRequest()
#11 C:\Users\Merfu\Desktop\Codeigniter4-Backend-Api-Register-Login\public\index.php(89): CodeIgniter\CodeIgniter->run()
#12 C:\Users\Merfu\Desktop\Codeigniter4-Backend-Api-Register-Login\vendor\codeigniter4\framework\system\Commands\Server\rewrite.php(47): require_once('...')
#13 {main}
CRITICAL - 2024-05-30 07:11:19 --> CodeIgniter\Database\Exceptions\DatabaseException: MySQL server has gone away
in SYSTEMPATH\Database\BaseConnection.php on line 647.
 1 SYSTEMPATH\Database\BaseBuilder.php(1616): CodeIgniter\Database\BaseConnection->query()
 2 SYSTEMPATH\Model.php(242): CodeIgniter\Database\BaseBuilder->get()
 3 SYSTEMPATH\BaseModel.php(638): CodeIgniter\Model->doFindAll()
 4 APPPATH\Models\Category_model.php(15): CodeIgniter\BaseModel->findAll()
 5 APPPATH\Controllers\Products.php(71): App\Models\Category_model->getAllCategories()
 6 SYSTEMPATH\CodeIgniter.php(941): App\Controllers\Products->categories()
 7 SYSTEMPATH\CodeIgniter.php(502): CodeIgniter\CodeIgniter->runController()
 8 SYSTEMPATH\CodeIgniter.php(361): CodeIgniter\CodeIgniter->handleRequest()
 9 FCPATH\index.php(89): CodeIgniter\CodeIgniter->run()
10 SYSTEMPATH\Commands\Server\rewrite.php(47): require_once('C:\\Users\\Merfu\\Desktop\\Codeigniter4-Backend-Api-Register-Login\\public\\index.php')
CRITICAL - 2024-05-30 07:11:19 --> [Caused by] CodeIgniter\Database\Exceptions\DatabaseException: MySQL server has gone away
in SYSTEMPATH\Database\MySQLi\Connection.php on line 311.
 1 SYSTEMPATH\Database\BaseConnection.php(693): CodeIgniter\Database\MySQLi\Connection->execute()
 2 SYSTEMPATH\Database\BaseConnection.php(607): CodeIgniter\Database\BaseConnection->simpleQuery()
 3 SYSTEMPATH\Database\BaseBuilder.php(1616): CodeIgniter\Database\BaseConnection->query()
 4 SYSTEMPATH\Model.php(242): CodeIgniter\Database\BaseBuilder->get()
 5 SYSTEMPATH\BaseModel.php(638): CodeIgniter\Model->doFindAll()
 6 APPPATH\Models\Category_model.php(15): CodeIgniter\BaseModel->findAll()
 7 APPPATH\Controllers\Products.php(71): App\Models\Category_model->getAllCategories()
 8 SYSTEMPATH\CodeIgniter.php(941): App\Controllers\Products->categories()
 9 SYSTEMPATH\CodeIgniter.php(502): CodeIgniter\CodeIgniter->runController()
10 SYSTEMPATH\CodeIgniter.php(361): CodeIgniter\CodeIgniter->handleRequest()
11 FCPATH\index.php(89): CodeIgniter\CodeIgniter->run()
12 SYSTEMPATH\Commands\Server\rewrite.php(47): require_once('C:\\Users\\Merfu\\Desktop\\Codeigniter4-Backend-Api-Register-Login\\public\\index.php')
CRITICAL - 2024-05-30 07:11:19 --> [Caused by] mysqli_sql_exception: MySQL server has gone away
in SYSTEMPATH\Database\MySQLi\Connection.php on line 306.
 1 SYSTEMPATH\Database\MySQLi\Connection.php(306): mysqli->query()
 2 SYSTEMPATH\Database\BaseConnection.php(693): CodeIgniter\Database\MySQLi\Connection->execute()
 3 SYSTEMPATH\Database\BaseConnection.php(607): CodeIgniter\Database\BaseConnection->simpleQuery()
 4 SYSTEMPATH\Database\BaseBuilder.php(1616): CodeIgniter\Database\BaseConnection->query()
 5 SYSTEMPATH\Model.php(242): CodeIgniter\Database\BaseBuilder->get()
 6 SYSTEMPATH\BaseModel.php(638): CodeIgniter\Model->doFindAll()
 7 APPPATH\Models\Category_model.php(15): CodeIgniter\BaseModel->findAll()
 8 APPPATH\Controllers\Products.php(71): App\Models\Category_model->getAllCategories()
 9 SYSTEMPATH\CodeIgniter.php(941): App\Controllers\Products->categories()
10 SYSTEMPATH\CodeIgniter.php(502): CodeIgniter\CodeIgniter->runController()
11 SYSTEMPATH\CodeIgniter.php(361): CodeIgniter\CodeIgniter->handleRequest()
12 FCPATH\index.php(89): CodeIgniter\CodeIgniter->run()
13 SYSTEMPATH\Commands\Server\rewrite.php(47): require_once('C:\\Users\\Merfu\\Desktop\\Codeigniter4-Backend-Api-Register-Login\\public\\index.php')
CRITICAL - 2024-05-30 07:11:23 --> PDOException: SQLSTATE[HY000] [2002] No connection could be made because the target machine actively refused it
in APPPATH\Libraries\CustomOauthStorage.php on line 60.
 1 APPPATH\Libraries\CustomOauthStorage.php(60): PDO->__construct()
 2 APPPATH\Libraries\OAuth.php(21): App\Libraries\CustomOauthStorage->__construct()
 3 APPPATH\Libraries\OAuth.php(12): App\Libraries\OAuth->init()
 4 APPPATH\Filters\OauthFilter.php(18): App\Libraries\OAuth->__construct()
 5 SYSTEMPATH\Filters\Filters.php(182): App\Filters\OauthFilter->before()
 6 SYSTEMPATH\CodeIgniter.php(474): CodeIgniter\Filters\Filters->run()
 7 SYSTEMPATH\CodeIgniter.php(361): CodeIgniter\CodeIgniter->handleRequest()
 8 FCPATH\index.php(89): CodeIgniter\CodeIgniter->run()
 9 SYSTEMPATH\Commands\Server\rewrite.php(47): require_once('C:\\Users\\Merfu\\Desktop\\Codeigniter4-Backend-Api-Register-Login\\public\\index.php')
CRITICAL - 2024-05-30 08:01:52 --> ErrorException: Trying to access array offset on null
in APPPATH\Libraries\CustomOauthStorage.php on line 461.
 1 APPPATH\Libraries\CustomOauthStorage.php(461): CodeIgniter\Debug\Exceptions->errorHandler()
 2 APPPATH\Libraries\CustomOauthStorage.php(310): App\Libraries\CustomOauthStorage->getUser()
 3 VENDORPATH\bshaffer\oauth2-server-php\src\OAuth2\GrantType\UserCredentials.php(57): App\Libraries\CustomOauthStorage->checkUserCredentials()
 4 VENDORPATH\bshaffer\oauth2-server-php\src\OAuth2\Controller\TokenController.php(175): OAuth2\GrantType\UserCredentials->validateRequest()
 5 VENDORPATH\bshaffer\oauth2-server-php\src\OAuth2\Controller\TokenController.php(87): OAuth2\Controller\TokenController->grantAccessToken()
 6 VENDORPATH\bshaffer\oauth2-server-php\src\OAuth2\Server.php(319): OAuth2\Controller\TokenController->handleTokenRequest()
 7 APPPATH\Controllers\OAuthController.php(19): OAuth2\Server->handleTokenRequest()
 8 SYSTEMPATH\CodeIgniter.php(941): App\Controllers\OAuthController->login()
 9 SYSTEMPATH\CodeIgniter.php(502): CodeIgniter\CodeIgniter->runController()
10 SYSTEMPATH\CodeIgniter.php(361): CodeIgniter\CodeIgniter->handleRequest()
11 FCPATH\index.php(89): CodeIgniter\CodeIgniter->run()
12 SYSTEMPATH\Commands\Server\rewrite.php(47): require_once('C:\\Users\\Merfu\\Desktop\\Codeigniter4-Backend-Api-Register-Login\\public\\index.php')
CRITICAL - 2024-05-30 08:02:02 --> ErrorException: Trying to access array offset on null
in APPPATH\Libraries\CustomOauthStorage.php on line 461.
 1 APPPATH\Libraries\CustomOauthStorage.php(461): CodeIgniter\Debug\Exceptions->errorHandler()
 2 APPPATH\Libraries\CustomOauthStorage.php(310): App\Libraries\CustomOauthStorage->getUser()
 3 VENDORPATH\bshaffer\oauth2-server-php\src\OAuth2\GrantType\UserCredentials.php(57): App\Libraries\CustomOauthStorage->checkUserCredentials()
 4 VENDORPATH\bshaffer\oauth2-server-php\src\OAuth2\Controller\TokenController.php(175): OAuth2\GrantType\UserCredentials->validateRequest()
 5 VENDORPATH\bshaffer\oauth2-server-php\src\OAuth2\Controller\TokenController.php(87): OAuth2\Controller\TokenController->grantAccessToken()
 6 VENDORPATH\bshaffer\oauth2-server-php\src\OAuth2\Server.php(319): OAuth2\Controller\TokenController->handleTokenRequest()
 7 APPPATH\Controllers\OAuthController.php(19): OAuth2\Server->handleTokenRequest()
 8 SYSTEMPATH\CodeIgniter.php(941): App\Controllers\OAuthController->login()
 9 SYSTEMPATH\CodeIgniter.php(502): CodeIgniter\CodeIgniter->runController()
10 SYSTEMPATH\CodeIgniter.php(361): CodeIgniter\CodeIgniter->handleRequest()
11 FCPATH\index.php(89): CodeIgniter\CodeIgniter->run()
12 SYSTEMPATH\Commands\Server\rewrite.php(47): require_once('C:\\Users\\Merfu\\Desktop\\Codeigniter4-Backend-Api-Register-Login\\public\\index.php')
CRITICAL - 2024-05-30 08:02:06 --> ErrorException: Trying to access array offset on null
in APPPATH\Libraries\CustomOauthStorage.php on line 461.
 1 APPPATH\Libraries\CustomOauthStorage.php(461): CodeIgniter\Debug\Exceptions->errorHandler()
 2 APPPATH\Libraries\CustomOauthStorage.php(310): App\Libraries\CustomOauthStorage->getUser()
 3 VENDORPATH\bshaffer\oauth2-server-php\src\OAuth2\GrantType\UserCredentials.php(57): App\Libraries\CustomOauthStorage->checkUserCredentials()
 4 VENDORPATH\bshaffer\oauth2-server-php\src\OAuth2\Controller\TokenController.php(175): OAuth2\GrantType\UserCredentials->validateRequest()
 5 VENDORPATH\bshaffer\oauth2-server-php\src\OAuth2\Controller\TokenController.php(87): OAuth2\Controller\TokenController->grantAccessToken()
 6 VENDORPATH\bshaffer\oauth2-server-php\src\OAuth2\Server.php(319): OAuth2\Controller\TokenController->handleTokenRequest()
 7 APPPATH\Controllers\OAuthController.php(19): OAuth2\Server->handleTokenRequest()
 8 SYSTEMPATH\CodeIgniter.php(941): App\Controllers\OAuthController->login()
 9 SYSTEMPATH\CodeIgniter.php(502): CodeIgniter\CodeIgniter->runController()
10 SYSTEMPATH\CodeIgniter.php(361): CodeIgniter\CodeIgniter->handleRequest()
11 FCPATH\index.php(89): CodeIgniter\CodeIgniter->run()
12 SYSTEMPATH\Commands\Server\rewrite.php(47): require_once('C:\\Users\\Merfu\\Desktop\\Codeigniter4-Backend-Api-Register-Login\\public\\index.php')
